0 info it worked if it ends with ok
1 verbose cli [ 'node', '/usr/local/bin/npm', 'install', 'bootstrap.' ]
2 info using npm@1.4.28
3 info using node@v0.10.33
4 warn package.json require.async@0.1.1 No repository field.
5 verbose readDependencies using package.json deps
6 verbose cache add [ 'bootstrap.', null ]
7 verbose cache add name=undefined spec="bootstrap." args=["bootstrap.",null]
8 verbose parsed url { protocol: null,
8 verbose parsed url   slashes: null,
8 verbose parsed url   auth: null,
8 verbose parsed url   host: null,
8 verbose parsed url   port: null,
8 verbose parsed url   hostname: null,
8 verbose parsed url   hash: null,
8 verbose parsed url   search: null,
8 verbose parsed url   query: null,
8 verbose parsed url   pathname: 'bootstrap.',
8 verbose parsed url   path: 'bootstrap.',
8 verbose parsed url   href: 'bootstrap.' }
9 silly lockFile 1835678e-bootstrap bootstrap.
10 verbose lock bootstrap. /Users/emusickid/.npm/1835678e-bootstrap.lock
11 silly lockFile 1835678e-bootstrap bootstrap.
12 silly lockFile 1835678e-bootstrap bootstrap.
13 verbose addNamed [ 'bootstrap.', '' ]
14 verbose addNamed [ null, '*' ]
15 silly lockFile d66f1253-bootstrap bootstrap.@
16 verbose lock bootstrap.@ /Users/emusickid/.npm/d66f1253-bootstrap.lock
17 silly addNameRange { name: 'bootstrap.', range: '*', hasData: false }
18 verbose request where is /bootstrap.
19 verbose request registry https://registry.npmjs.org/
20 verbose request id 5f05a9cdb8a479da
21 verbose url raw /bootstrap.
22 verbose url resolving [ 'https://registry.npmjs.org/', './bootstrap.' ]
23 verbose url resolved https://registry.npmjs.org/bootstrap.
24 verbose request where is https://registry.npmjs.org/bootstrap.
25 info trying registry request attempt 1 at 14:31:52
26 http GET https://registry.npmjs.org/bootstrap.
27 http 404 https://registry.npmjs.org/bootstrap.
28 verbose headers { date: 'Wed, 25 Feb 2015 20:31:42 GMT',
28 verbose headers   server: 'CouchDB/1.5.0 (Erlang OTP/R16B03)',
28 verbose headers   'content-type': 'application/json',
28 verbose headers   'cache-control': 'max-age=0',
28 verbose headers   'content-length': '52',
28 verbose headers   'accept-ranges': 'bytes',
28 verbose headers   via: '1.1 varnish',
28 verbose headers   age: '0',
28 verbose headers   'x-served-by': 'cache-dfw1832-DFW',
28 verbose headers   'x-cache': 'MISS',
28 verbose headers   'x-cache-hits': '0',
28 verbose headers   'x-timer': 'S1424896302.523941,VS0,VE68',
28 verbose headers   'keep-alive': 'timeout=10, max=50',
28 verbose headers   connection: 'Keep-Alive' }
29 silly registry.get cb [ 404,
29 silly registry.get   { date: 'Wed, 25 Feb 2015 20:31:42 GMT',
29 silly registry.get     server: 'CouchDB/1.5.0 (Erlang OTP/R16B03)',
29 silly registry.get     'content-type': 'application/json',
29 silly registry.get     'cache-control': 'max-age=0',
29 silly registry.get     'content-length': '52',
29 silly registry.get     'accept-ranges': 'bytes',
29 silly registry.get     via: '1.1 varnish',
29 silly registry.get     age: '0',
29 silly registry.get     'x-served-by': 'cache-dfw1832-DFW',
29 silly registry.get     'x-cache': 'MISS',
29 silly registry.get     'x-cache-hits': '0',
29 silly registry.get     'x-timer': 'S1424896302.523941,VS0,VE68',
29 silly registry.get     'keep-alive': 'timeout=10, max=50',
29 silly registry.get     connection: 'Keep-Alive' } ]
30 silly lockFile d66f1253-bootstrap bootstrap.@
31 silly lockFile d66f1253-bootstrap bootstrap.@
32 error 404 404 Not Found: bootstrap.
32 error 404
32 error 404 'bootstrap.' is not in the npm registry.
32 error 404 You should bug the author to publish it
32 error 404 It was specified as a dependency of 'tableau-node'
32 error 404
32 error 404 Note that you can also install from a
32 error 404 tarball, folder, or http url, or git url.
33 error System Darwin 13.4.0
34 error command "node" "/usr/local/bin/npm" "install" "bootstrap."
35 error cwd /Users/emusickid/gitrepo/tableau-node
36 error node -v v0.10.33
37 error npm -v 1.4.28
38 error code E404
39 verbose exit [ 1, true ]
